<?xml version="1.0" encoding="UTF-8"?>
<!-- Generated by org.testng.reporters.JUnitReportReporter -->
<testsuite hostname="DESKTOP-6BC599G" failures="0" tests="1" name="testngPackage.ThirdClass" time="0.011" errors="0" timestamp="2024-12-02T21:02:53 IST" skipped="0">
  <testcase classname="testngPackage.ThirdClass" name="login2" time="0.011"/>
</testsuite> <!-- testngPackage.ThirdClass -->
