<?xml version="1.0" encoding="UTF-8"?>
<!-- Generated by org.testng.reporters.JUnitReportReporter -->
<testsuite hostname="DESKTOP-6BC599G" failures="0" tests="1" name="testngPackage.NewTest" time="0.010" errors="0" timestamp="2024-12-07T14:03:33 IST" skipped="0">
  <testcase classname="testngPackage.NewTest" name="f" time="0.010"/>
</testsuite> <!-- testngPackage.NewTest -->
